Arguments: 
  /Users/jensihrig/.nvm/versions/node/v16.0.0/bin/node /Users/jensihrig/.nvm/versions/node/v17.0.1/bin/yarn run --silent husky-run pre-commit

PATH: 
  /Library/Developer/CommandLineTools/usr/libexec/git-core:/Users/jensihrig/.nvm/versions/node/v16.0.0/bin:/Users/jensihrig/.nvm/versions/node/v16.0.0/bin:/Users/jensihrig/.nvm/versions/node/v17.0.1/bin:/opt/homebrew/bin:/opt/homebrew/sbin:/usr/local/bin:/usr/bin:/bin:/usr/sbin:/sbin:/usr/local/MacGPG2/bin:/Users/jensihrig/.nvm/versions/node/v17.0.1/bin:/opt/homebrew/bin:/opt/homebrew/sbin:/Users/jensihrig/Library/Application Support/multipass/bin:/Users/jensihrig/Library/Application Support/multipass/bin

Yarn version: 
  1.22.19

Node version: 
  16.0.0

Platform: 
  darwin arm64

Trace: 
  SyntaxError: /Users/jensihrig/Projects/foodie/foodie_hugo_media/package.json: Unexpected token ] in JSON at position 564
      at JSON.parse (<anonymous>)
      at /Users/jensihrig/.nvm/versions/node/v17.0.1/lib/node_modules/yarn/lib/cli.js:1629:59
      at Generator.next (<anonymous>)
      at step (/Users/jensihrig/.nvm/versions/node/v17.0.1/lib/node_modules/yarn/lib/cli.js:310:30)
      at /Users/jensihrig/.nvm/versions/node/v17.0.1/lib/node_modules/yarn/lib/cli.js:321:13

npm manifest: 
  {
    "name": "foodie_hugo_media",
    "version": "2.0.1",
    "description": "",
    "scripts": {
      "test": "echo \"Error: no test specified\" && exit 1",
      "start": "$(npm bin)/http-server -p 9090",
      "generateWebPs": "node generateWebPs"
    },
    "repository": {
      "type": "git",
      "url": "git+ssh://git@github.com:Der-Reiskoch/foodie_hugo_media.git"
    },
    "lint-staged-backup": {
      "*.{png,jpeg,jpg,gif,svg}": [
        "node ./imagemin.js",
        "git add"
      ]
    },
    "lint-staged": {
      "*.{png,jpeg,jpg,gif,svg}": [
        "node ./imagemin-sips.js",
      ]
    },
    "keywords": [],
    "author": "",
    "license": "MIT",
    "devDependencies": {
      "http-server": "^14.1.0",
      "husky": "^4.3.0",
      "imagemin": "^5.3.1",
      "imagemin-gifsicle": "^5.2.0",
      "imagemin-jpegoptim": "^7.0.0",
      "imagemin-jpegtran": "^5.0.2",
      "imagemin-optipng": "^5.2.1",
      "imagemin-pngquant": "^5.0.1",
      "imagemin-svgo": "^5.2.2",
      "imports-loader": "^0.7.1",
      "lint-staged": "^10.4.0"
    },
    "husky": {
      "hooks": {
        "pre-commit": "lint-staged"
      }
    }
  }

yarn manifest: 
  No manifest

Lockfile: 
  No lockfile
